Mon 21 Jul 18:36:01 EDT 2025
npx: /home/admin/.nvm/versions/node/v24.4.1/bin/npx
git: /usr/bin/git /usr/share/man/man1/git.1.gz
On branch master
Your branch is up to date with 'origin/master'.

Changes not staged for commit:
  (use "git add <file>..." to update what will be committed)
  (use "git restore <file>..." to discard changes in working directory)
	modified:   cones.png
	modified:   noaa.png
	modified:   surfchex1.png
	modified:   surfchex2.png
	modified:   tides.png

Untracked files:
  (use "git add <file>..." to include in what will be committed)
	cron.log

no changes added to commit (use "git add" and/or "git commit -a")
Mon 21 Jul 18:49:01 EDT 2025
npx: /home/admin/.nvm/versions/node/v24.4.1/bin/npx
Mon 21 Jul 18:54:07 EDT 2025
npx: /home/admin/.nvm/versions/node/v24.4.1/bin/npx
git: /usr/bin/git /usr/share/man/man1/git.1.gz
On branch master
Your branch is up to date with 'origin/master'.

Changes not staged for commit:
  (use "git add <file>..." to update what will be committed)
  (use "git restore <file>..." to discard changes in working directory)
	modified:   noaa.png
	modified:   surfchex2.png

Untracked files:
  (use "git add <file>..." to include in what will be committed)
	cron.log

no changes added to commit (use "git add" and/or "git commit -a")
git: /usr/bin/git /usr/share/man/man1/git.1.gz
On branch master
Your branch is up to date with 'origin/master'.

Changes not staged for commit:
  (use "git add <file>..." to update what will be committed)
  (use "git restore <file>..." to discard changes in working directory)
	modified:   surfchex1.png
	modified:   surfchex2.png
	modified:   tides.png

Untracked files:
  (use "git add <file>..." to include in what will be committed)
	cron.log

no changes added to commit (use "git add" and/or "git commit -a")
Mon 21 Jul 19:00:01 EDT 2025
npx: /home/admin/.nvm/versions/node/v24.4.1/bin/npx
git: /usr/bin/git /usr/share/man/man1/git.1.gz
On branch master
Your branch is up to date with 'origin/master'.

Changes not staged for commit:
  (use "git add <file>..." to update what will be committed)
  (use "git restore <file>..." to discard changes in working directory)
	modified:   7day.png
	modified:   captain.png
	modified:   surfchex1.png
	modified:   surfchex2.png
	modified:   tides.png

Untracked files:
  (use "git add <file>..." to include in what will be committed)
	cron.log

no changes added to commit (use "git add" and/or "git commit -a")
Mon 21 Jul 19:18:01 EDT 2025
npx: /home/admin/.nvm/versions/node/v24.4.1/bin/npx
git: /usr/bin/git /usr/share/man/man1/git.1.gz
On branch master
Your branch is up to date with 'origin/master'.

Changes not staged for commit:
  (use "git add <file>..." to update what will be committed)
  (use "git restore <file>..." to discard changes in working directory)
	modified:   cones.png
	modified:   surfchex2.png
	modified:   tides.png

Untracked files:
  (use "git add <file>..." to include in what will be committed)
	cron.log

no changes added to commit (use "git add" and/or "git commit -a")
Mon 21 Jul 19:36:01 EDT 2025
npx: /home/admin/.nvm/versions/node/v24.4.1/bin/npx
git: /usr/bin/git /usr/share/man/man1/git.1.gz
On branch master
Your branch is up to date with 'origin/master'.

Changes not staged for commit:
  (use "git add <file>..." to update what will be committed)
  (use "git restore <file>..." to discard changes in working directory)
	modified:   7day.png
	modified:   cones.png
	modified:   noaa.png
	modified:   surfchex1.png
	modified:   surfchex2.png

Untracked files:
  (use "git add <file>..." to include in what will be committed)
	cron.log

no changes added to commit (use "git add" and/or "git commit -a")
Mon 21 Jul 19:49:01 EDT 2025
npx: /home/admin/.nvm/versions/node/v24.4.1/bin/npx
Mon 21 Jul 19:54:02 EDT 2025
npx: /home/admin/.nvm/versions/node/v24.4.1/bin/npx
git: /usr/bin/git /usr/share/man/man1/git.1.gz
On branch master
Your branch is up to date with 'origin/master'.

Changes not staged for commit:
  (use "git add <file>..." to update what will be committed)
  (use "git restore <file>..." to discard changes in working directory)
	modified:   tides.png

Untracked files:
  (use "git add <file>..." to include in what will be committed)
	cron.log

no changes added to commit (use "git add" and/or "git commit -a")
Mon 21 Jul 20:00:14 EDT 2025
npx: /home/admin/.nvm/versions/node/v24.4.1/bin/npx
git: /usr/bin/git /usr/share/man/man1/git.1.gz
On branch master
Your branch is up to date with 'origin/master'.

Changes not staged for commit:
  (use "git add <file>..." to update what will be committed)
  (use "git restore <file>..." to discard changes in working directory)
	modified:   surfchex1.png
	modified:   surfchex2.png

Untracked files:
  (use "git add <file>..." to include in what will be committed)
	cron.log

no changes added to commit (use "git add" and/or "git commit -a")
